<?xml version="1.0" encoding="UTF-8"?>
<coverage generated="1740229759367" clover="3.2.0">
  <project timestamp="1740229759367" name="All files">
    <metrics statements="300" coveredstatements="150" conditionals="81" coveredconditionals="9" methods="39" coveredmethods="1" elements="420" coveredelements="160" complexity="0" loc="300" ncloc="300" packages="7" files="18" classes="18"/>
    <package name="src">
      <metrics statements="26" coveredstatements="26" conditionals="0" coveredconditionals="0" methods="0" coveredmethods="0"/>
      <file name="app.js" path="C:\Users\Admin PC\ecommerce\src\app.js">
        <metrics statements="26" coveredstatements="26" conditionals="0" coveredconditionals="0" methods="0" coveredmethods="0"/>
        <line num="1" count="3" type="stmt"/>
        <line num="2" count="3" type="stmt"/>
        <line num="3" count="3" type="stmt"/>
        <line num="4" count="3" type="stmt"/>
        <line num="5" count="3" type="stmt"/>
        <line num="6" count="3" type="stmt"/>
        <line num="7" count="3" type="stmt"/>
        <line num="8" count="3" type="stmt"/>
        <line num="9" count="3" type="stmt"/>
        <line num="10" count="3" type="stmt"/>
        <line num="12" count="3" type="stmt"/>
        <line num="13" count="3" type="stmt"/>
        <line num="16" count="3" type="stmt"/>
        <line num="18" count="3" type="stmt"/>
        <line num="21" count="3" type="stmt"/>
        <line num="22" count="3" type="stmt"/>
        <line num="23" count="3" type="stmt"/>
        <line num="24" count="3" type="stmt"/>
        <line num="25" count="3" type="stmt"/>
        <line num="26" count="3" type="stmt"/>
        <line num="27" count="3" type="stmt"/>
        <line num="29" count="3" type="stmt"/>
        <line num="33" count="3" type="stmt"/>
        <line num="34" count="3" type="stmt"/>
        <line num="35" count="3" type="stmt"/>
        <line num="37" count="3" type="stmt"/>
      </file>
    </package>
    <package name="src.config">
      <metrics statements="15" coveredstatements="13" conditionals="10" coveredconditionals="9" methods="1" coveredmethods="1"/>
      <file name="database.js" path="C:\Users\Admin PC\ecommerce\src\config\database.js">
        <metrics statements="9" coveredstatements="7" conditionals="8" coveredconditionals="8" methods="1" coveredmethods="1"/>
        <line num="1" count="3" type="stmt"/>
        <line num="2" count="3" type="stmt"/>
        <line num="4" count="3" type="cond" truecount="6" falsecount="0"/>
        <line num="10" count="3" type="stmt"/>
        <line num="11" count="3" type="stmt"/>
        <line num="12" count="3" type="stmt"/>
        <line num="13" count="0" type="stmt"/>
        <line num="15" count="0" type="stmt"/>
        <line num="19" count="3" type="stmt"/>
      </file>
      <file name="logger.js" path="C:\Users\Admin PC\ecommerce\src\config\logger.js">
        <metrics statements="6" coveredstatements="6" conditionals="2" coveredconditionals="1" methods="0" coveredmethods="0"/>
        <line num="1" count="3" type="stmt"/>
        <line num="2" count="3" type="stmt"/>
        <line num="4" count="3" type="stmt"/>
        <line num="18" count="3" type="cond" truecount="1" falsecount="1"/>
        <line num="19" count="3" type="stmt"/>
        <line num="26" count="3" type="stmt"/>
      </file>
    </package>
    <package name="src.controllers">
      <metrics statements="129" coveredstatements="25" conditionals="48" coveredconditionals="0" methods="18" coveredmethods="0"/>
      <file name="category.controller.js" path="C:\Users\Admin PC\ecommerce\src\controllers\category.controller.js">
        <metrics statements="39" coveredstatements="8" conditionals="18" coveredconditionals="0" methods="5" coveredmethods="0"/>
        <line num="1" count="3" type="stmt"/>
        <line num="2" count="3" type="stmt"/>
        <line num="4" count="3" type="stmt"/>
        <line num="5" count="0" type="stmt"/>
        <line num="6" count="0" type="stmt"/>
        <line num="7" count="0" type="stmt"/>
        <line num="9" count="0" type="stmt"/>
        <line num="10" count="0" type="cond" truecount="0" falsecount="4"/>
        <line num="14" count="3" type="stmt"/>
        <line num="15" count="0" type="stmt"/>
        <line num="16" count="0" type="stmt"/>
        <line num="17" count="0" type="stmt"/>
        <line num="19" count="0" type="stmt"/>
        <line num="20" count="0" type="cond" truecount="0" falsecount="2"/>
        <line num="24" count="3" type="stmt"/>
        <line num="25" count="0" type="stmt"/>
        <line num="26" count="0" type="stmt"/>
        <line num="27" count="0" type="cond" truecount="0" falsecount="2"/>
        <line num="28" count="0" type="stmt"/>
        <line num="30" count="0" type="stmt"/>
        <line num="32" count="0" type="stmt"/>
        <line num="33" count="0" type="cond" truecount="0" falsecount="2"/>
        <line num="37" count="3" type="stmt"/>
        <line num="38" count="0" type="stmt"/>
        <line num="39" count="0" type="stmt"/>
        <line num="40" count="0" type="cond" truecount="0" falsecount="2"/>
        <line num="41" count="0" type="stmt"/>
        <line num="43" count="0" type="stmt"/>
        <line num="45" count="0" type="stmt"/>
        <line num="46" count="0" type="cond" truecount="0" falsecount="2"/>
        <line num="50" count="3" type="stmt"/>
        <line num="51" count="0" type="stmt"/>
        <line num="52" count="0" type="stmt"/>
        <line num="53" count="0" type="cond" truecount="0" falsecount="2"/>
        <line num="54" count="0" type="stmt"/>
        <line num="56" count="0" type="stmt"/>
        <line num="58" count="0" type="stmt"/>
        <line num="59" count="0" type="cond" truecount="0" falsecount="2"/>
        <line num="63" count="3" type="stmt"/>
      </file>
      <file name="product.controller.js" path="C:\Users\Admin PC\ecommerce\src\controllers\product.controller.js">
        <metrics statements="49" coveredstatements="9" conditionals="24" coveredconditionals="0" methods="7" coveredmethods="0"/>
        <line num="1" count="3" type="stmt"/>
        <line num="2" count="3" type="stmt"/>
        <line num="4" count="3" type="stmt"/>
        <line num="5" count="0" type="stmt"/>
        <line num="6" count="0" type="stmt"/>
        <line num="12" count="0" type="stmt"/>
        <line num="14" count="0" type="stmt"/>
        <line num="15" count="0" type="cond" truecount="0" falsecount="4"/>
        <line num="20" count="3" type="stmt"/>
        <line num="21" count="0" type="stmt"/>
        <line num="22" count="0" type="stmt"/>
        <line num="23" count="0" type="stmt"/>
        <line num="25" count="0" type="stmt"/>
        <line num="26" count="0" type="cond" truecount="0" falsecount="2"/>
        <line num="30" count="3" type="stmt"/>
        <line num="31" count="0" type="stmt"/>
        <line num="32" count="0" type="stmt"/>
        <line num="33" count="0" type="cond" truecount="0" falsecount="2"/>
        <line num="34" count="0" type="stmt"/>
        <line num="36" count="0" type="stmt"/>
        <line num="37" count="0" type="cond" truecount="0" falsecount="2"/>
        <line num="41" count="3" type="stmt"/>
        <line num="42" count="0" type="stmt"/>
        <line num="43" count="0" type="stmt"/>
        <line num="44" count="0" type="stmt"/>
        <line num="45" count="0" type="cond" truecount="0" falsecount="2"/>
        <line num="46" count="0" type="stmt"/>
        <line num="48" count="0" type="stmt"/>
        <line num="49" count="0" type="cond" truecount="0" falsecount="2"/>
        <line num="53" count="3" type="stmt"/>
        <line num="54" count="0" type="stmt"/>
        <line num="55" count="0" type="stmt"/>
        <line num="56" count="0" type="cond" truecount="0" falsecount="2"/>
        <line num="57" count="0" type="stmt"/>
        <line num="59" count="0" type="stmt"/>
        <line num="60" count="0" type="cond" truecount="0" falsecount="2"/>
        <line num="64" count="3" type="stmt"/>
        <line num="65" count="0" type="stmt"/>
        <line num="66" count="0" type="stmt"/>
        <line num="67" count="0" type="cond" truecount="0" falsecount="2"/>
        <line num="68" count="0" type="stmt"/>
        <line num="70" count="0" type="stmt"/>
        <line num="71" count="0" type="cond" truecount="0" falsecount="2"/>
        <line num="75" count="3" type="stmt"/>
        <line num="76" count="0" type="stmt"/>
        <line num="77" count="0" type="stmt"/>
        <line num="78" count="0" type="stmt"/>
        <line num="80" count="0" type="stmt"/>
        <line num="81" count="0" type="cond" truecount="0" falsecount="2"/>
      </file>
      <file name="variant.controller.js" path="C:\Users\Admin PC\ecommerce\src\controllers\variant.controller.js">
        <metrics statements="41" coveredstatements="8" conditionals="6" coveredconditionals="0" methods="6" coveredmethods="0"/>
        <line num="1" count="3" type="stmt"/>
        <line num="2" count="3" type="stmt"/>
        <line num="4" count="3" type="stmt"/>
        <line num="5" count="0" type="stmt"/>
        <line num="6" count="0" type="stmt"/>
        <line num="14" count="0" type="stmt"/>
        <line num="16" count="0" type="stmt"/>
        <line num="17" count="0" type="stmt"/>
        <line num="21" count="3" type="stmt"/>
        <line num="22" count="0" type="stmt"/>
        <line num="23" count="0" type="stmt"/>
        <line num="24" count="0" type="stmt"/>
        <line num="26" count="0" type="stmt"/>
        <line num="27" count="0" type="stmt"/>
        <line num="31" count="3" type="stmt"/>
        <line num="32" count="0" type="stmt"/>
        <line num="33" count="0" type="stmt"/>
        <line num="34" count="0" type="cond" truecount="0" falsecount="2"/>
        <line num="35" count="0" type="stmt"/>
        <line num="37" count="0" type="stmt"/>
        <line num="38" count="0" type="stmt"/>
        <line num="42" count="3" type="stmt"/>
        <line num="43" count="0" type="stmt"/>
        <line num="44" count="0" type="stmt"/>
        <line num="45" count="0" type="cond" truecount="0" falsecount="2"/>
        <line num="46" count="0" type="stmt"/>
        <line num="48" count="0" type="stmt"/>
        <line num="49" count="0" type="stmt"/>
        <line num="53" count="3" type="stmt"/>
        <line num="54" count="0" type="stmt"/>
        <line num="55" count="0" type="stmt"/>
        <line num="56" count="0" type="cond" truecount="0" falsecount="2"/>
        <line num="57" count="0" type="stmt"/>
        <line num="59" count="0" type="stmt"/>
        <line num="60" count="0" type="stmt"/>
        <line num="64" count="3" type="stmt"/>
        <line num="65" count="0" type="stmt"/>
        <line num="66" count="0" type="stmt"/>
        <line num="67" count="0" type="stmt"/>
        <line num="69" count="0" type="stmt"/>
        <line num="70" count="0" type="stmt"/>
      </file>
    </package>
    <package name="src.middlewares">
      <metrics statements="14" coveredstatements="7" conditionals="6" coveredconditionals="0" methods="2" coveredmethods="0"/>
      <file name="errorHandler.js" path="C:\Users\Admin PC\ecommerce\src\middlewares\errorHandler.js">
        <metrics statements="6" coveredstatements="3" conditionals="4" coveredconditionals="0" methods="1" coveredmethods="0"/>
        <line num="1" count="3" type="stmt"/>
        <line num="6" count="3" type="stmt"/>
        <line num="7" count="0" type="stmt"/>
        <line num="10" count="0" type="cond" truecount="0" falsecount="2"/>
        <line num="12" count="0" type="stmt"/>
        <line num="18" count="3" type="stmt"/>
      </file>
      <file name="rateLimiter.js" path="C:\Users\Admin PC\ecommerce\src\middlewares\rateLimiter.js">
        <metrics statements="2" coveredstatements="2" conditionals="0" coveredconditionals="0" methods="0" coveredmethods="0"/>
        <line num="1" count="3" type="stmt"/>
        <line num="3" count="3" type="stmt"/>
      </file>
      <file name="validateRequest.js" path="C:\Users\Admin PC\ecommerce\src\middlewares\validateRequest.js">
        <metrics statements="6" coveredstatements="2" conditionals="2" coveredconditionals="0" methods="1" coveredmethods="0"/>
        <line num="1" count="3" type="stmt"/>
        <line num="3" count="3" type="stmt"/>
        <line num="4" count="0" type="stmt"/>
        <line num="5" count="0" type="cond" truecount="0" falsecount="2"/>
        <line num="6" count="0" type="stmt"/>
        <line num="8" count="0" type="stmt"/>
      </file>
    </package>
    <package name="src.models">
      <metrics statements="19" coveredstatements="19" conditionals="0" coveredconditionals="0" methods="0" coveredmethods="0"/>
      <file name="category.model.js" path="C:\Users\Admin PC\ecommerce\src\models\category.model.js">
        <metrics statements="5" coveredstatements="5" conditionals="0" coveredconditionals="0" methods="0" coveredmethods="0"/>
        <line num="1" count="3" type="stmt"/>
        <line num="2" count="3" type="stmt"/>
        <line num="4" count="3" type="stmt"/>
        <line num="9" count="3" type="stmt"/>
        <line num="11" count="3" type="stmt"/>
      </file>
      <file name="product.model.js" path="C:\Users\Admin PC\ecommerce\src\models\product.model.js">
        <metrics statements="7" coveredstatements="7" conditionals="0" coveredconditionals="0" methods="0" coveredmethods="0"/>
        <line num="3" count="3" type="stmt"/>
        <line num="4" count="3" type="stmt"/>
        <line num="5" count="3" type="stmt"/>
        <line num="7" count="3" type="stmt"/>
        <line num="14" count="3" type="stmt"/>
        <line num="15" count="3" type="stmt"/>
        <line num="17" count="3" type="stmt"/>
      </file>
      <file name="variant.model.js" path="C:\Users\Admin PC\ecommerce\src\models\variant.model.js">
        <metrics statements="7" coveredstatements="7" conditionals="0" coveredconditionals="0" methods="0" coveredmethods="0"/>
        <line num="1" count="3" type="stmt"/>
        <line num="2" count="3" type="stmt"/>
        <line num="3" count="3" type="stmt"/>
        <line num="5" count="3" type="stmt"/>
        <line num="14" count="3" type="stmt"/>
        <line num="15" count="3" type="stmt"/>
        <line num="17" count="3" type="stmt"/>
      </file>
    </package>
    <package name="src.routes">
      <metrics statements="36" coveredstatements="36" conditionals="0" coveredconditionals="0" methods="0" coveredmethods="0"/>
      <file name="categories.routes.js" path="C:\Users\Admin PC\ecommerce\src\routes\categories.routes.js">
        <metrics statements="11" coveredstatements="11" conditionals="0" coveredconditionals="0" methods="0" coveredmethods="0"/>
        <line num="14" count="3" type="stmt"/>
        <line num="15" count="3" type="stmt"/>
        <line num="22" count="3" type="stmt"/>
        <line num="23" count="3" type="stmt"/>
        <line num="25" count="3" type="stmt"/>
        <line num="27" count="3" type="stmt"/>
        <line num="37" count="3" type="stmt"/>
        <line num="39" count="3" type="stmt"/>
        <line num="46" count="3" type="stmt"/>
        <line num="57" count="3" type="stmt"/>
        <line num="64" count="3" type="stmt"/>
      </file>
      <file name="products.routes.js" path="C:\Users\Admin PC\ecommerce\src\routes\products.routes.js">
        <metrics statements="13" coveredstatements="13" conditionals="0" coveredconditionals="0" methods="0" coveredmethods="0"/>
        <line num="1" count="3" type="stmt"/>
        <line num="2" count="3" type="stmt"/>
        <line num="11" count="3" type="stmt"/>
        <line num="12" count="3" type="stmt"/>
        <line num="14" count="3" type="stmt"/>
        <line num="16" count="3" type="stmt"/>
        <line num="28" count="3" type="stmt"/>
        <line num="30" count="3" type="stmt"/>
        <line num="37" count="3" type="stmt"/>
        <line num="50" count="3" type="stmt"/>
        <line num="57" count="3" type="stmt"/>
        <line num="64" count="3" type="stmt"/>
        <line num="71" count="3" type="stmt"/>
      </file>
      <file name="variants.routes.js" path="C:\Users\Admin PC\ecommerce\src\routes\variants.routes.js">
        <metrics statements="12" coveredstatements="12" conditionals="0" coveredconditionals="0" methods="0" coveredmethods="0"/>
        <line num="16" count="3" type="stmt"/>
        <line num="17" count="3" type="stmt"/>
        <line num="25" count="3" type="stmt"/>
        <line num="26" count="3" type="stmt"/>
        <line num="28" count="3" type="stmt"/>
        <line num="30" count="3" type="stmt"/>
        <line num="44" count="3" type="stmt"/>
        <line num="46" count="3" type="stmt"/>
        <line num="53" count="3" type="stmt"/>
        <line num="68" count="3" type="stmt"/>
        <line num="75" count="3" type="stmt"/>
        <line num="82" count="3" type="stmt"/>
      </file>
    </package>
    <package name="src.services">
      <metrics statements="61" coveredstatements="24" conditionals="17" coveredconditionals="0" methods="18" coveredmethods="0"/>
      <file name="category.service.js" path="C:\Users\Admin PC\ecommerce\src\services\category.service.js">
        <metrics statements="16" coveredstatements="6" conditionals="5" coveredconditionals="0" methods="5" coveredmethods="0"/>
        <line num="35" count="3" type="stmt"/>
        <line num="37" count="3" type="cond" truecount="0" falsecount="1"/>
        <line num="38" count="0" type="stmt"/>
        <line num="41" count="3" type="stmt"/>
        <line num="42" count="0" type="stmt"/>
        <line num="45" count="3" type="stmt"/>
        <line num="46" count="0" type="stmt"/>
        <line num="49" count="3" type="stmt"/>
        <line num="50" count="0" type="stmt"/>
        <line num="51" count="0" type="cond" truecount="0" falsecount="2"/>
        <line num="52" count="0" type="stmt"/>
        <line num="55" count="3" type="stmt"/>
        <line num="56" count="0" type="stmt"/>
        <line num="57" count="0" type="cond" truecount="0" falsecount="2"/>
        <line num="58" count="0" type="stmt"/>
        <line num="59" count="0" type="stmt"/>
      </file>
      <file name="product.service.js" path="C:\Users\Admin PC\ecommerce\src\services\product.service.js">
        <metrics statements="24" coveredstatements="10" conditionals="6" coveredconditionals="0" methods="7" coveredmethods="0"/>
        <line num="1" count="3" type="stmt"/>
        <line num="2" count="3" type="stmt"/>
        <line num="3" count="3" type="stmt"/>
        <line num="5" count="3" type="stmt"/>
        <line num="6" count="0" type="stmt"/>
        <line num="7" count="0" type="cond" truecount="0" falsecount="2"/>
        <line num="9" count="0" type="stmt"/>
        <line num="12" count="3" type="stmt"/>
        <line num="13" count="0" type="stmt"/>
        <line num="16" count="3" type="stmt"/>
        <line num="17" count="0" type="stmt"/>
        <line num="19" count="3" type="stmt"/>
        <line num="20" count="0" type="stmt"/>
        <line num="23" count="3" type="stmt"/>
        <line num="24" count="0" type="stmt"/>
        <line num="25" count="0" type="cond" truecount="0" falsecount="2"/>
        <line num="26" count="0" type="stmt"/>
        <line num="29" count="3" type="stmt"/>
        <line num="30" count="0" type="stmt"/>
        <line num="31" count="0" type="cond" truecount="0" falsecount="2"/>
        <line num="32" count="0" type="stmt"/>
        <line num="33" count="0" type="stmt"/>
        <line num="36" count="3" type="stmt"/>
        <line num="37" count="0" type="stmt"/>
      </file>
      <file name="variant.service.js" path="C:\Users\Admin PC\ecommerce\src\services\variant.service.js">
        <metrics statements="21" coveredstatements="8" conditionals="6" coveredconditionals="0" methods="6" coveredmethods="0"/>
        <line num="1" count="3" type="stmt"/>
        <line num="2" count="3" type="stmt"/>
        <line num="4" count="3" type="stmt"/>
        <line num="5" count="0" type="stmt"/>
        <line num="6" count="0" type="cond" truecount="0" falsecount="2"/>
        <line num="8" count="0" type="stmt"/>
        <line num="11" count="3" type="stmt"/>
        <line num="12" count="0" type="stmt"/>
        <line num="15" count="3" type="stmt"/>
        <line num="16" count="0" type="stmt"/>
        <line num="19" count="3" type="stmt"/>
        <line num="20" count="0" type="stmt"/>
        <line num="21" count="0" type="cond" truecount="0" falsecount="2"/>
        <line num="22" count="0" type="stmt"/>
        <line num="25" count="3" type="stmt"/>
        <line num="26" count="0" type="stmt"/>
        <line num="27" count="0" type="cond" truecount="0" falsecount="2"/>
        <line num="28" count="0" type="stmt"/>
        <line num="29" count="0" type="stmt"/>
        <line num="32" count="3" type="stmt"/>
        <line num="33" count="0" type="stmt"/>
      </file>
    </package>
  </project>
</coverage>
