{"C:\\Users\\Admin PC\\ecommerce\\src\\app.js": {"path":"C:\\Users\\Admin PC\\ecommerce\\src\\app.js","statementMap":{"0":{"start":{"line":1,"column":16},"end":{"line":1,"column":34}},"1":{"start":{"line":2,"column":15},"end":{"line":2,"column":32}},"2":{"start":{"line":3,"column":13},"end":{"line":3,"column":28}},"3":{"start":{"line":4,"column":15},"end":{"line":4,"column":32}},"4":{"start":{"line":5,"column":20},"end":{"line":5,"column":56}},"5":{"start":{"line":6,"column":23},"end":{"line":6,"column":60}},"6":{"start":{"line":7,"column":22},"end":{"line":7,"column":57}},"7":{"start":{"line":8,"column":22},"end":{"line":8,"column":57}},"8":{"start":{"line":9,"column":29},"end":{"line":9,"column":62}},"9":{"start":{"line":10,"column":21},"end":{"line":10,"column":61}},"10":{"start":{"line":12,"column":18},"end":{"line":12,"column":47}},"11":{"start":{"line":13,"column":24},"end":{"line":13,"column":49}},"12":{"start":{"line":16,"column":0},"end":{"line":16,"column":27}},"13":{"start":{"line":18,"column":12},"end":{"line":18,"column":21}},"14":{"start":{"line":21,"column":0},"end":{"line":21,"column":24}},"15":{"start":{"line":22,"column":0},"end":{"line":22,"column":18}},"16":{"start":{"line":23,"column":0},"end":{"line":23,"column":16}},"17":{"start":{"line":24,"column":0},"end":{"line":24,"column":21}},"18":{"start":{"line":25,"column":0},"end":{"line":25,"column":28}},"19":{"start":{"line":26,"column":0},"end":{"line":26,"column":32}},"20":{"start":{"line":27,"column":0},"end":{"line":27,"column":72}},"21":{"start":{"line":29,"column":0},"end":{"line":29,"column":22}},"22":{"start":{"line":33,"column":0},"end":{"line":33,"column":43}},"23":{"start":{"line":34,"column":0},"end":{"line":34,"column":40}},"24":{"start":{"line":35,"column":0},"end":{"line":35,"column":40}},"25":{"start":{"line":37,"column":0},"end":{"line":37,"column":21}}},"fnMap":{},"branchMap":{},"s":{"0":3,"1":3,"2":3,"3":3,"4":3,"5":3,"6":3,"7":3,"8":3,"9":3,"10":3,"11":3,"12":3,"13":3,"14":3,"15":3,"16":3,"17":3,"18":3,"19":3,"20":3,"21":3,"22":3,"23":3,"24":3,"25":3},"f":{},"b":{},"_coverageSchema":"1a1c01bbd47fc00a2c39e90264f33305004495a9","hash":"5c169dde6b3e6042136104e357bd901d582f3e05"}
,"C:\\Users\\Admin PC\\ecommerce\\src\\config\\database.js": {"path":"C:\\Users\\Admin PC\\ecommerce\\src\\config\\database.js","statementMap":{"0":{"start":{"line":1,"column":22},"end":{"line":1,"column":42}},"1":{"start":{"line":2,"column":0},"end":{"line":2,"column":27}},"2":{"start":{"line":4,"column":18},"end":{"line":8,"column":2}},"3":{"start":{"line":10,"column":0},"end":{"line":17,"column":5}},"4":{"start":{"line":11,"column":2},"end":{"line":16,"column":3}},"5":{"start":{"line":12,"column":4},"end":{"line":12,"column":35}},"6":{"start":{"line":13,"column":4},"end":{"line":13,"column":40}},"7":{"start":{"line":15,"column":4},"end":{"line":15,"column":57}},"8":{"start":{"line":19,"column":0},"end":{"line":19,"column":27}}},"fnMap":{"0":{"name":"(anonymous_0)","decl":{"start":{"line":10,"column":1},"end":{"line":10,"column":2}},"loc":{"start":{"line":10,"column":13},"end":{"line":17,"column":1}},"line":10}},"branchMap":{"0":{"loc":{"start":{"line":4,"column":32},"end":{"line":4,"column":66}},"type":"binary-expr","locations":[{"start":{"line":4,"column":32},"end":{"line":4,"column":51}},{"start":{"line":4,"column":55},"end":{"line":4,"column":66}}],"line":4},"1":{"loc":{"start":{"line":4,"column":68},"end":{"line":4,"column":101}},"type":"binary-expr","locations":[{"start":{"line":4,"column":68},"end":{"line":4,"column":87}},{"start":{"line":4,"column":91},"end":{"line":4,"column":101}}],"line":4},"2":{"loc":{"start":{"line":4,"column":103},"end":{"line":4,"column":131}},"type":"binary-expr","locations":[{"start":{"line":4,"column":103},"end":{"line":4,"column":122}},{"start":{"line":4,"column":126},"end":{"line":4,"column":131}}],"line":4},"3":{"loc":{"start":{"line":5,"column":8},"end":{"line":5,"column":42}},"type":"binary-expr","locations":[{"start":{"line":5,"column":8},"end":{"line":5,"column":27}},{"start":{"line":5,"column":31},"end":{"line":5,"column":42}}],"line":5}},"s":{"0":3,"1":3,"2":3,"3":3,"4":3,"5":3,"6":0,"7":0,"8":3},"f":{"0":3},"b":{"0":[3,3],"1":[3,3],"2":[3,3],"3":[3,3]},"_coverageSchema":"1a1c01bbd47fc00a2c39e90264f33305004495a9","hash":"bd9240cfbebfcb99c25c1f1527baf0850ca56ba7"}
,"C:\\Users\\Admin PC\\ecommerce\\src\\config\\logger.js": {"path":"C:\\Users\\Admin PC\\ecommerce\\src\\config\\logger.js","statementMap":{"0":{"start":{"line":1,"column":16},"end":{"line":1,"column":34}},"1":{"start":{"line":2,"column":31},"end":{"line":2,"column":38}},"2":{"start":{"line":4,"column":15},"end":{"line":15,"column":2}},"3":{"start":{"line":18,"column":0},"end":{"line":24,"column":1}},"4":{"start":{"line":19,"column":2},"end":{"line":23,"column":4}},"5":{"start":{"line":26,"column":0},"end":{"line":26,"column":24}}},"fnMap":{},"branchMap":{"0":{"loc":{"start":{"line":18,"column":0},"end":{"line":24,"column":1}},"type":"if","locations":[{"start":{"line":18,"column":0},"end":{"line":24,"column":1}},{"start":{},"end":{}}],"line":18}},"s":{"0":3,"1":3,"2":3,"3":3,"4":3,"5":3},"f":{},"b":{"0":[3,0]},"_coverageSchema":"1a1c01bbd47fc00a2c39e90264f33305004495a9","hash":"5928526fb2c5e35b0128f04cecce85a45a58e4e5"}
,"C:\\Users\\Admin PC\\ecommerce\\src\\controllers\\category.controller.js": {"path":"C:\\Users\\Admin PC\\ecommerce\\src\\controllers\\category.controller.js","statementMap":{"0":{"start":{"line":1,"column":24},"end":{"line":1,"column":63}},"1":{"start":{"line":2,"column":15},"end":{"line":2,"column":42}},"2":{"start":{"line":4,"column":23},"end":{"line":12,"column":1}},"3":{"start":{"line":5,"column":2},"end":{"line":11,"column":3}},"4":{"start":{"line":6,"column":21},"end":{"line":6,"column":99}},"5":{"start":{"line":7,"column":4},"end":{"line":7,"column":35}},"6":{"start":{"line":9,"column":4},"end":{"line":9,"column":62}},"7":{"start":{"line":10,"column":4},"end":{"line":10,"column":148}},"8":{"start":{"line":14,"column":22},"end":{"line":22,"column":1}},"9":{"start":{"line":15,"column":2},"end":{"line":21,"column":3}},"10":{"start":{"line":16,"column":23},"end":{"line":16,"column":60}},"11":{"start":{"line":17,"column":4},"end":{"line":17,"column":37}},"12":{"start":{"line":19,"column":4},"end":{"line":19,"column":63}},"13":{"start":{"line":20,"column":4},"end":{"line":20,"column":75}},"14":{"start":{"line":24,"column":26},"end":{"line":35,"column":1}},"15":{"start":{"line":25,"column":2},"end":{"line":34,"column":3}},"16":{"start":{"line":26,"column":21},"end":{"line":26,"column":77}},"17":{"start":{"line":27,"column":4},"end":{"line":29,"column":5}},"18":{"start":{"line":28,"column":6},"end":{"line":28,"column":67}},"19":{"start":{"line":30,"column":4},"end":{"line":30,"column":35}},"20":{"start":{"line":32,"column":4},"end":{"line":32,"column":69}},"21":{"start":{"line":33,"column":4},"end":{"line":33,"column":75}},"22":{"start":{"line":37,"column":23},"end":{"line":48,"column":1}},"23":{"start":{"line":38,"column":2},"end":{"line":47,"column":3}},"24":{"start":{"line":39,"column":28},"end":{"line":39,"column":89}},"25":{"start":{"line":40,"column":4},"end":{"line":42,"column":5}},"26":{"start":{"line":41,"column":6},"end":{"line":41,"column":67}},"27":{"start":{"line":43,"column":4},"end":{"line":43,"column":42}},"28":{"start":{"line":45,"column":4},"end":{"line":45,"column":62}},"29":{"start":{"line":46,"column":4},"end":{"line":46,"column":75}},"30":{"start":{"line":50,"column":23},"end":{"line":61,"column":1}},"31":{"start":{"line":51,"column":2},"end":{"line":60,"column":3}},"32":{"start":{"line":52,"column":20},"end":{"line":52,"column":71}},"33":{"start":{"line":53,"column":4},"end":{"line":55,"column":5}},"34":{"start":{"line":54,"column":6},"end":{"line":54,"column":67}},"35":{"start":{"line":56,"column":4},"end":{"line":56,"column":27}},"36":{"start":{"line":58,"column":4},"end":{"line":58,"column":62}},"37":{"start":{"line":59,"column":4},"end":{"line":59,"column":75}},"38":{"start":{"line":63,"column":0},"end":{"line":69,"column":2}}},"fnMap":{"0":{"name":"(anonymous_0)","decl":{"start":{"line":4,"column":23},"end":{"line":4,"column":24}},"loc":{"start":{"line":4,"column":43},"end":{"line":12,"column":1}},"line":4},"1":{"name":"(anonymous_1)","decl":{"start":{"line":14,"column":22},"end":{"line":14,"column":23}},"loc":{"start":{"line":14,"column":42},"end":{"line":22,"column":1}},"line":14},"2":{"name":"(anonymous_2)","decl":{"start":{"line":24,"column":26},"end":{"line":24,"column":27}},"loc":{"start":{"line":24,"column":46},"end":{"line":35,"column":1}},"line":24},"3":{"name":"(anonymous_3)","decl":{"start":{"line":37,"column":23},"end":{"line":37,"column":24}},"loc":{"start":{"line":37,"column":43},"end":{"line":48,"column":1}},"line":37},"4":{"name":"(anonymous_4)","decl":{"start":{"line":50,"column":23},"end":{"line":50,"column":24}},"loc":{"start":{"line":50,"column":43},"end":{"line":61,"column":1}},"line":50}},"branchMap":{"0":{"loc":{"start":{"line":10,"column":34},"end":{"line":10,"column":144}},"type":"cond-expr","locations":[{"start":{"line":10,"column":83},"end":{"line":10,"column":104}},{"start":{"line":10,"column":107},"end":{"line":10,"column":144}}],"line":10},"1":{"loc":{"start":{"line":10,"column":107},"end":{"line":10,"column":144}},"type":"binary-expr","locations":[{"start":{"line":10,"column":107},"end":{"line":10,"column":117}},{"start":{"line":10,"column":121},"end":{"line":10,"column":144}}],"line":10},"2":{"loc":{"start":{"line":20,"column":34},"end":{"line":20,"column":71}},"type":"binary-expr","locations":[{"start":{"line":20,"column":34},"end":{"line":20,"column":44}},{"start":{"line":20,"column":48},"end":{"line":20,"column":71}}],"line":20},"3":{"loc":{"start":{"line":27,"column":4},"end":{"line":29,"column":5}},"type":"if","locations":[{"start":{"line":27,"column":4},"end":{"line":29,"column":5}},{"start":{},"end":{}}],"line":27},"4":{"loc":{"start":{"line":33,"column":34},"end":{"line":33,"column":71}},"type":"binary-expr","locations":[{"start":{"line":33,"column":34},"end":{"line":33,"column":44}},{"start":{"line":33,"column":48},"end":{"line":33,"column":71}}],"line":33},"5":{"loc":{"start":{"line":40,"column":4},"end":{"line":42,"column":5}},"type":"if","locations":[{"start":{"line":40,"column":4},"end":{"line":42,"column":5}},{"start":{},"end":{}}],"line":40},"6":{"loc":{"start":{"line":46,"column":34},"end":{"line":46,"column":71}},"type":"binary-expr","locations":[{"start":{"line":46,"column":34},"end":{"line":46,"column":44}},{"start":{"line":46,"column":48},"end":{"line":46,"column":71}}],"line":46},"7":{"loc":{"start":{"line":53,"column":4},"end":{"line":55,"column":5}},"type":"if","locations":[{"start":{"line":53,"column":4},"end":{"line":55,"column":5}},{"start":{},"end":{}}],"line":53},"8":{"loc":{"start":{"line":59,"column":34},"end":{"line":59,"column":71}},"type":"binary-expr","locations":[{"start":{"line":59,"column":34},"end":{"line":59,"column":44}},{"start":{"line":59,"column":48},"end":{"line":59,"column":71}}],"line":59}},"s":{"0":3,"1":3,"2":3,"3":0,"4":0,"5":0,"6":0,"7":0,"8":3,"9":0,"10":0,"11":0,"12":0,"13":0,"14":3,"15":0,"16":0,"17":0,"18":0,"19":0,"20":0,"21":0,"22":3,"23":0,"24":0,"25":0,"26":0,"27":0,"28":0,"29":0,"30":3,"31":0,"32":0,"33":0,"34":0,"35":0,"36":0,"37":0,"38":3},"f":{"0":0,"1":0,"2":0,"3":0,"4":0},"b":{"0":[0,0],"1":[0,0],"2":[0,0],"3":[0,0],"4":[0,0],"5":[0,0],"6":[0,0],"7":[0,0],"8":[0,0]},"_coverageSchema":"1a1c01bbd47fc00a2c39e90264f33305004495a9","hash":"a539e930c338c81181c89e865fb79b7b98e15be7"}
,"C:\\Users\\Admin PC\\ecommerce\\src\\controllers\\product.controller.js": {"path":"C:\\Users\\Admin PC\\ecommerce\\src\\controllers\\product.controller.js","statementMap":{"0":{"start":{"line":1,"column":23},"end":{"line":1,"column":61}},"1":{"start":{"line":2,"column":15},"end":{"line":2,"column":42}},"2":{"start":{"line":4,"column":0},"end":{"line":18,"column":2}},"3":{"start":{"line":5,"column":2},"end":{"line":17,"column":3}},"4":{"start":{"line":6,"column":20},"end":{"line":11,"column":5}},"5":{"start":{"line":12,"column":4},"end":{"line":12,"column":34}},"6":{"start":{"line":14,"column":4},"end":{"line":14,"column":61}},"7":{"start":{"line":15,"column":4},"end":{"line":15,"column":148}},"8":{"start":{"line":20,"column":0},"end":{"line":28,"column":2}},"9":{"start":{"line":21,"column":2},"end":{"line":27,"column":3}},"10":{"start":{"line":22,"column":21},"end":{"line":22,"column":55}},"11":{"start":{"line":23,"column":4},"end":{"line":23,"column":35}},"12":{"start":{"line":25,"column":4},"end":{"line":25,"column":61}},"13":{"start":{"line":26,"column":4},"end":{"line":26,"column":75}},"14":{"start":{"line":30,"column":0},"end":{"line":39,"column":2}},"15":{"start":{"line":31,"column":2},"end":{"line":38,"column":3}},"16":{"start":{"line":32,"column":20},"end":{"line":32,"column":70}},"17":{"start":{"line":33,"column":4},"end":{"line":33,"column":78}},"18":{"start":{"line":33,"column":18},"end":{"line":33,"column":78}},"19":{"start":{"line":34,"column":4},"end":{"line":34,"column":34}},"20":{"start":{"line":36,"column":4},"end":{"line":36,"column":66}},"21":{"start":{"line":37,"column":4},"end":{"line":37,"column":75}},"22":{"start":{"line":41,"column":0},"end":{"line":51,"column":2}},"23":{"start":{"line":42,"column":2},"end":{"line":50,"column":3}},"24":{"start":{"line":43,"column":21},"end":{"line":43,"column":31}},"25":{"start":{"line":44,"column":20},"end":{"line":44,"column":63}},"26":{"start":{"line":45,"column":4},"end":{"line":45,"column":78}},"27":{"start":{"line":45,"column":18},"end":{"line":45,"column":78}},"28":{"start":{"line":46,"column":4},"end":{"line":46,"column":34}},"29":{"start":{"line":48,"column":4},"end":{"line":48,"column":68}},"30":{"start":{"line":49,"column":4},"end":{"line":49,"column":75}},"31":{"start":{"line":53,"column":0},"end":{"line":62,"column":2}},"32":{"start":{"line":54,"column":2},"end":{"line":61,"column":3}},"33":{"start":{"line":55,"column":27},"end":{"line":55,"column":86}},"34":{"start":{"line":56,"column":4},"end":{"line":56,"column":85}},"35":{"start":{"line":56,"column":25},"end":{"line":56,"column":85}},"36":{"start":{"line":57,"column":4},"end":{"line":57,"column":41}},"37":{"start":{"line":59,"column":4},"end":{"line":59,"column":61}},"38":{"start":{"line":60,"column":4},"end":{"line":60,"column":75}},"39":{"start":{"line":64,"column":0},"end":{"line":73,"column":2}},"40":{"start":{"line":65,"column":2},"end":{"line":72,"column":3}},"41":{"start":{"line":66,"column":20},"end":{"line":66,"column":69}},"42":{"start":{"line":67,"column":4},"end":{"line":67,"column":78}},"43":{"start":{"line":67,"column":18},"end":{"line":67,"column":78}},"44":{"start":{"line":68,"column":4},"end":{"line":68,"column":57}},"45":{"start":{"line":70,"column":4},"end":{"line":70,"column":61}},"46":{"start":{"line":71,"column":4},"end":{"line":71,"column":75}},"47":{"start":{"line":75,"column":0},"end":{"line":83,"column":2}},"48":{"start":{"line":76,"column":2},"end":{"line":82,"column":3}},"49":{"start":{"line":77,"column":21},"end":{"line":77,"column":78}},"50":{"start":{"line":78,"column":4},"end":{"line":78,"column":35}},"51":{"start":{"line":80,"column":4},"end":{"line":80,"column":73}},"52":{"start":{"line":81,"column":4},"end":{"line":81,"column":75}}},"fnMap":{"0":{"name":"(anonymous_0)","decl":{"start":{"line":4,"column":24},"end":{"line":4,"column":25}},"loc":{"start":{"line":4,"column":44},"end":{"line":18,"column":1}},"line":4},"1":{"name":"(anonymous_1)","decl":{"start":{"line":20,"column":22},"end":{"line":20,"column":23}},"loc":{"start":{"line":20,"column":42},"end":{"line":28,"column":1}},"line":20},"2":{"name":"(anonymous_2)","decl":{"start":{"line":30,"column":25},"end":{"line":30,"column":26}},"loc":{"start":{"line":30,"column":45},"end":{"line":39,"column":1}},"line":30},"3":{"name":"(anonymous_3)","decl":{"start":{"line":41,"column":27},"end":{"line":41,"column":28}},"loc":{"start":{"line":41,"column":47},"end":{"line":51,"column":1}},"line":41},"4":{"name":"(anonymous_4)","decl":{"start":{"line":53,"column":24},"end":{"line":53,"column":25}},"loc":{"start":{"line":53,"column":44},"end":{"line":62,"column":1}},"line":53},"5":{"name":"(anonymous_5)","decl":{"start":{"line":64,"column":24},"end":{"line":64,"column":25}},"loc":{"start":{"line":64,"column":44},"end":{"line":73,"column":1}},"line":64},"6":{"name":"(anonymous_6)","decl":{"start":{"line":75,"column":32},"end":{"line":75,"column":33}},"loc":{"start":{"line":75,"column":52},"end":{"line":83,"column":1}},"line":75}},"branchMap":{"0":{"loc":{"start":{"line":15,"column":34},"end":{"line":15,"column":144}},"type":"cond-expr","locations":[{"start":{"line":15,"column":83},"end":{"line":15,"column":104}},{"start":{"line":15,"column":107},"end":{"line":15,"column":144}}],"line":15},"1":{"loc":{"start":{"line":15,"column":107},"end":{"line":15,"column":144}},"type":"binary-expr","locations":[{"start":{"line":15,"column":107},"end":{"line":15,"column":117}},{"start":{"line":15,"column":121},"end":{"line":15,"column":144}}],"line":15},"2":{"loc":{"start":{"line":26,"column":34},"end":{"line":26,"column":71}},"type":"binary-expr","locations":[{"start":{"line":26,"column":34},"end":{"line":26,"column":44}},{"start":{"line":26,"column":48},"end":{"line":26,"column":71}}],"line":26},"3":{"loc":{"start":{"line":33,"column":4},"end":{"line":33,"column":78}},"type":"if","locations":[{"start":{"line":33,"column":4},"end":{"line":33,"column":78}},{"start":{},"end":{}}],"line":33},"4":{"loc":{"start":{"line":37,"column":34},"end":{"line":37,"column":71}},"type":"binary-expr","locations":[{"start":{"line":37,"column":34},"end":{"line":37,"column":44}},{"start":{"line":37,"column":48},"end":{"line":37,"column":71}}],"line":37},"5":{"loc":{"start":{"line":45,"column":4},"end":{"line":45,"column":78}},"type":"if","locations":[{"start":{"line":45,"column":4},"end":{"line":45,"column":78}},{"start":{},"end":{}}],"line":45},"6":{"loc":{"start":{"line":49,"column":34},"end":{"line":49,"column":71}},"type":"binary-expr","locations":[{"start":{"line":49,"column":34},"end":{"line":49,"column":44}},{"start":{"line":49,"column":48},"end":{"line":49,"column":71}}],"line":49},"7":{"loc":{"start":{"line":56,"column":4},"end":{"line":56,"column":85}},"type":"if","locations":[{"start":{"line":56,"column":4},"end":{"line":56,"column":85}},{"start":{},"end":{}}],"line":56},"8":{"loc":{"start":{"line":60,"column":34},"end":{"line":60,"column":71}},"type":"binary-expr","locations":[{"start":{"line":60,"column":34},"end":{"line":60,"column":44}},{"start":{"line":60,"column":48},"end":{"line":60,"column":71}}],"line":60},"9":{"loc":{"start":{"line":67,"column":4},"end":{"line":67,"column":78}},"type":"if","locations":[{"start":{"line":67,"column":4},"end":{"line":67,"column":78}},{"start":{},"end":{}}],"line":67},"10":{"loc":{"start":{"line":71,"column":34},"end":{"line":71,"column":71}},"type":"binary-expr","locations":[{"start":{"line":71,"column":34},"end":{"line":71,"column":44}},{"start":{"line":71,"column":48},"end":{"line":71,"column":71}}],"line":71},"11":{"loc":{"start":{"line":81,"column":34},"end":{"line":81,"column":71}},"type":"binary-expr","locations":[{"start":{"line":81,"column":34},"end":{"line":81,"column":44}},{"start":{"line":81,"column":48},"end":{"line":81,"column":71}}],"line":81}},"s":{"0":3,"1":3,"2":3,"3":0,"4":0,"5":0,"6":0,"7":0,"8":3,"9":0,"10":0,"11":0,"12":0,"13":0,"14":3,"15":0,"16":0,"17":0,"18":0,"19":0,"20":0,"21":0,"22":3,"23":0,"24":0,"25":0,"26":0,"27":0,"28":0,"29":0,"30":0,"31":3,"32":0,"33":0,"34":0,"35":0,"36":0,"37":0,"38":0,"39":3,"40":0,"41":0,"42":0,"43":0,"44":0,"45":0,"46":0,"47":3,"48":0,"49":0,"50":0,"51":0,"52":0},"f":{"0":0,"1":0,"2":0,"3":0,"4":0,"5":0,"6":0},"b":{"0":[0,0],"1":[0,0],"2":[0,0],"3":[0,0],"4":[0,0],"5":[0,0],"6":[0,0],"7":[0,0],"8":[0,0],"9":[0,0],"10":[0,0],"11":[0,0]},"_coverageSchema":"1a1c01bbd47fc00a2c39e90264f33305004495a9","hash":"af1721f4dd95042e66f480a1264ecbc26845ab8a"}
,"C:\\Users\\Admin PC\\ecommerce\\src\\controllers\\variant.controller.js": {"path":"C:\\Users\\Admin PC\\ecommerce\\src\\controllers\\variant.controller.js","statementMap":{"0":{"start":{"line":1,"column":23},"end":{"line":1,"column":61}},"1":{"start":{"line":2,"column":15},"end":{"line":2,"column":42}},"2":{"start":{"line":4,"column":0},"end":{"line":19,"column":2}},"3":{"start":{"line":5,"column":2},"end":{"line":18,"column":3}},"4":{"start":{"line":6,"column":20},"end":{"line":13,"column":5}},"5":{"start":{"line":14,"column":4},"end":{"line":14,"column":34}},"6":{"start":{"line":16,"column":4},"end":{"line":16,"column":61}},"7":{"start":{"line":17,"column":4},"end":{"line":17,"column":61}},"8":{"start":{"line":21,"column":0},"end":{"line":29,"column":2}},"9":{"start":{"line":22,"column":2},"end":{"line":28,"column":3}},"10":{"start":{"line":23,"column":21},"end":{"line":23,"column":55}},"11":{"start":{"line":24,"column":4},"end":{"line":24,"column":35}},"12":{"start":{"line":26,"column":4},"end":{"line":26,"column":61}},"13":{"start":{"line":27,"column":4},"end":{"line":27,"column":61}},"14":{"start":{"line":31,"column":0},"end":{"line":40,"column":2}},"15":{"start":{"line":32,"column":2},"end":{"line":39,"column":3}},"16":{"start":{"line":33,"column":20},"end":{"line":33,"column":70}},"17":{"start":{"line":34,"column":4},"end":{"line":34,"column":78}},"18":{"start":{"line":34,"column":18},"end":{"line":34,"column":78}},"19":{"start":{"line":35,"column":4},"end":{"line":35,"column":34}},"20":{"start":{"line":37,"column":4},"end":{"line":37,"column":66}},"21":{"start":{"line":38,"column":4},"end":{"line":38,"column":61}},"22":{"start":{"line":42,"column":0},"end":{"line":51,"column":2}},"23":{"start":{"line":43,"column":2},"end":{"line":50,"column":3}},"24":{"start":{"line":44,"column":27},"end":{"line":44,"column":86}},"25":{"start":{"line":45,"column":4},"end":{"line":45,"column":85}},"26":{"start":{"line":45,"column":25},"end":{"line":45,"column":85}},"27":{"start":{"line":46,"column":4},"end":{"line":46,"column":41}},"28":{"start":{"line":48,"column":4},"end":{"line":48,"column":61}},"29":{"start":{"line":49,"column":4},"end":{"line":49,"column":61}},"30":{"start":{"line":53,"column":0},"end":{"line":62,"column":2}},"31":{"start":{"line":54,"column":2},"end":{"line":61,"column":3}},"32":{"start":{"line":55,"column":20},"end":{"line":55,"column":69}},"33":{"start":{"line":56,"column":4},"end":{"line":56,"column":78}},"34":{"start":{"line":56,"column":18},"end":{"line":56,"column":78}},"35":{"start":{"line":57,"column":4},"end":{"line":57,"column":57}},"36":{"start":{"line":59,"column":4},"end":{"line":59,"column":61}},"37":{"start":{"line":60,"column":4},"end":{"line":60,"column":61}},"38":{"start":{"line":64,"column":0},"end":{"line":72,"column":2}},"39":{"start":{"line":65,"column":2},"end":{"line":71,"column":3}},"40":{"start":{"line":66,"column":21},"end":{"line":66,"column":84}},"41":{"start":{"line":67,"column":4},"end":{"line":67,"column":35}},"42":{"start":{"line":69,"column":4},"end":{"line":69,"column":72}},"43":{"start":{"line":70,"column":4},"end":{"line":70,"column":61}}},"fnMap":{"0":{"name":"(anonymous_0)","decl":{"start":{"line":4,"column":24},"end":{"line":4,"column":25}},"loc":{"start":{"line":4,"column":44},"end":{"line":19,"column":1}},"line":4},"1":{"name":"(anonymous_1)","decl":{"start":{"line":21,"column":22},"end":{"line":21,"column":23}},"loc":{"start":{"line":21,"column":42},"end":{"line":29,"column":1}},"line":21},"2":{"name":"(anonymous_2)","decl":{"start":{"line":31,"column":25},"end":{"line":31,"column":26}},"loc":{"start":{"line":31,"column":45},"end":{"line":40,"column":1}},"line":31},"3":{"name":"(anonymous_3)","decl":{"start":{"line":42,"column":24},"end":{"line":42,"column":25}},"loc":{"start":{"line":42,"column":44},"end":{"line":51,"column":1}},"line":42},"4":{"name":"(anonymous_4)","decl":{"start":{"line":53,"column":24},"end":{"line":53,"column":25}},"loc":{"start":{"line":53,"column":44},"end":{"line":62,"column":1}},"line":53},"5":{"name":"(anonymous_5)","decl":{"start":{"line":64,"column":31},"end":{"line":64,"column":32}},"loc":{"start":{"line":64,"column":51},"end":{"line":72,"column":1}},"line":64}},"branchMap":{"0":{"loc":{"start":{"line":34,"column":4},"end":{"line":34,"column":78}},"type":"if","locations":[{"start":{"line":34,"column":4},"end":{"line":34,"column":78}},{"start":{},"end":{}}],"line":34},"1":{"loc":{"start":{"line":45,"column":4},"end":{"line":45,"column":85}},"type":"if","locations":[{"start":{"line":45,"column":4},"end":{"line":45,"column":85}},{"start":{},"end":{}}],"line":45},"2":{"loc":{"start":{"line":56,"column":4},"end":{"line":56,"column":78}},"type":"if","locations":[{"start":{"line":56,"column":4},"end":{"line":56,"column":78}},{"start":{},"end":{}}],"line":56}},"s":{"0":3,"1":3,"2":3,"3":0,"4":0,"5":0,"6":0,"7":0,"8":3,"9":0,"10":0,"11":0,"12":0,"13":0,"14":3,"15":0,"16":0,"17":0,"18":0,"19":0,"20":0,"21":0,"22":3,"23":0,"24":0,"25":0,"26":0,"27":0,"28":0,"29":0,"30":3,"31":0,"32":0,"33":0,"34":0,"35":0,"36":0,"37":0,"38":3,"39":0,"40":0,"41":0,"42":0,"43":0},"f":{"0":0,"1":0,"2":0,"3":0,"4":0,"5":0},"b":{"0":[0,0],"1":[0,0],"2":[0,0]},"_coverageSchema":"1a1c01bbd47fc00a2c39e90264f33305004495a9","hash":"240f744f712c6d309c766d9d467958eb4419d2ac"}
,"C:\\Users\\Admin PC\\ecommerce\\src\\middlewares\\errorHandler.js": {"path":"C:\\Users\\Admin PC\\ecommerce\\src\\middlewares\\errorHandler.js","statementMap":{"0":{"start":{"line":1,"column":16},"end":{"line":1,"column":46}},"1":{"start":{"line":6,"column":21},"end":{"line":16,"column":1}},"2":{"start":{"line":7,"column":2},"end":{"line":7,"column":34}},"3":{"start":{"line":10,"column":21},"end":{"line":10,"column":38}},"4":{"start":{"line":12,"column":2},"end":{"line":15,"column":5}},"5":{"start":{"line":18,"column":0},"end":{"line":18,"column":30}}},"fnMap":{"0":{"name":"(anonymous_0)","decl":{"start":{"line":6,"column":21},"end":{"line":6,"column":22}},"loc":{"start":{"line":6,"column":46},"end":{"line":16,"column":1}},"line":6}},"branchMap":{"0":{"loc":{"start":{"line":10,"column":21},"end":{"line":10,"column":38}},"type":"binary-expr","locations":[{"start":{"line":10,"column":21},"end":{"line":10,"column":31}},{"start":{"line":10,"column":35},"end":{"line":10,"column":38}}],"line":10},"1":{"loc":{"start":{"line":14,"column":13},"end":{"line":14,"column":51}},"type":"binary-expr","locations":[{"start":{"line":14,"column":13},"end":{"line":14,"column":24}},{"start":{"line":14,"column":28},"end":{"line":14,"column":51}}],"line":14}},"s":{"0":3,"1":3,"2":0,"3":0,"4":0,"5":3},"f":{"0":0},"b":{"0":[0,0],"1":[0,0]},"_coverageSchema":"1a1c01bbd47fc00a2c39e90264f33305004495a9","hash":"5e6b481a9fd7f9d7bfffd6daaa49ff3ee444088f"}
,"C:\\Users\\Admin PC\\ecommerce\\src\\middlewares\\rateLimiter.js": {"path":"C:\\Users\\Admin PC\\ecommerce\\src\\middlewares\\rateLimiter.js","statementMap":{"0":{"start":{"line":1,"column":18},"end":{"line":1,"column":47}},"1":{"start":{"line":3,"column":0},"end":{"line":7,"column":3}}},"fnMap":{},"branchMap":{},"s":{"0":3,"1":3},"f":{},"b":{},"_coverageSchema":"1a1c01bbd47fc00a2c39e90264f33305004495a9","hash":"2d6d500684c292f6f84dcfa8a2019fe7e26254ed"}
,"C:\\Users\\Admin PC\\ecommerce\\src\\middlewares\\validateRequest.js": {"path":"C:\\Users\\Admin PC\\ecommerce\\src\\middlewares\\validateRequest.js","statementMap":{"0":{"start":{"line":1,"column":29},"end":{"line":1,"column":57}},"1":{"start":{"line":3,"column":0},"end":{"line":9,"column":2}},"2":{"start":{"line":4,"column":17},"end":{"line":4,"column":38}},"3":{"start":{"line":5,"column":2},"end":{"line":7,"column":3}},"4":{"start":{"line":6,"column":4},"end":{"line":6,"column":60}},"5":{"start":{"line":8,"column":2},"end":{"line":8,"column":9}}},"fnMap":{"0":{"name":"(anonymous_0)","decl":{"start":{"line":3,"column":26},"end":{"line":3,"column":27}},"loc":{"start":{"line":3,"column":46},"end":{"line":9,"column":1}},"line":3}},"branchMap":{"0":{"loc":{"start":{"line":5,"column":2},"end":{"line":7,"column":3}},"type":"if","locations":[{"start":{"line":5,"column":2},"end":{"line":7,"column":3}},{"start":{},"end":{}}],"line":5}},"s":{"0":3,"1":3,"2":0,"3":0,"4":0,"5":0},"f":{"0":0},"b":{"0":[0,0]},"_coverageSchema":"1a1c01bbd47fc00a2c39e90264f33305004495a9","hash":"bf6f0f8ee1112eb9794980dfa610229731de716c"}
,"C:\\Users\\Admin PC\\ecommerce\\src\\models\\category.model.js": {"path":"C:\\Users\\Admin PC\\ecommerce\\src\\models\\category.model.js","statementMap":{"0":{"start":{"line":1,"column":22},"end":{"line":1,"column":42}},"1":{"start":{"line":2,"column":18},"end":{"line":2,"column":47}},"2":{"start":{"line":4,"column":17},"end":{"line":7,"column":24}},"3":{"start":{"line":9,"column":0},"end":{"line":9,"column":84}},"4":{"start":{"line":11,"column":0},"end":{"line":11,"column":26}}},"fnMap":{},"branchMap":{},"s":{"0":3,"1":3,"2":3,"3":3,"4":3},"f":{},"b":{},"_coverageSchema":"1a1c01bbd47fc00a2c39e90264f33305004495a9","hash":"d5eef6e0fa10dc637b71e8642ec90436a141c5e0"}
,"C:\\Users\\Admin PC\\ecommerce\\src\\models\\product.model.js": {"path":"C:\\Users\\Admin PC\\ecommerce\\src\\models\\product.model.js","statementMap":{"0":{"start":{"line":3,"column":22},"end":{"line":3,"column":42}},"1":{"start":{"line":4,"column":18},"end":{"line":4,"column":47}},"2":{"start":{"line":5,"column":17},"end":{"line":5,"column":44}},"3":{"start":{"line":7,"column":16},"end":{"line":12,"column":24}},"4":{"start":{"line":14,"column":0},"end":{"line":14,"column":56}},"5":{"start":{"line":15,"column":0},"end":{"line":15,"column":58}},"6":{"start":{"line":17,"column":0},"end":{"line":17,"column":25}}},"fnMap":{},"branchMap":{},"s":{"0":3,"1":3,"2":3,"3":3,"4":3,"5":3,"6":3},"f":{},"b":{},"_coverageSchema":"1a1c01bbd47fc00a2c39e90264f33305004495a9","hash":"f9067038b0a71be9ca1b2b1e4f5f84ff031722c1"}
,"C:\\Users\\Admin PC\\ecommerce\\src\\models\\variant.model.js": {"path":"C:\\Users\\Admin PC\\ecommerce\\src\\models\\variant.model.js","statementMap":{"0":{"start":{"line":1,"column":22},"end":{"line":1,"column":42}},"1":{"start":{"line":2,"column":18},"end":{"line":2,"column":47}},"2":{"start":{"line":3,"column":16},"end":{"line":3,"column":42}},"3":{"start":{"line":5,"column":16},"end":{"line":12,"column":24}},"4":{"start":{"line":14,"column":0},"end":{"line":14,"column":54}},"5":{"start":{"line":15,"column":0},"end":{"line":15,"column":56}},"6":{"start":{"line":17,"column":0},"end":{"line":17,"column":25}}},"fnMap":{},"branchMap":{},"s":{"0":3,"1":3,"2":3,"3":3,"4":3,"5":3,"6":3},"f":{},"b":{},"_coverageSchema":"1a1c01bbd47fc00a2c39e90264f33305004495a9","hash":"0683adb67d7c638ef3f3dd69e02ad7f0041b8401"}
,"C:\\Users\\Admin PC\\ecommerce\\src\\routes\\categories.routes.js": {"path":"C:\\Users\\Admin PC\\ecommerce\\src\\routes\\categories.routes.js","statementMap":{"0":{"start":{"line":14,"column":16},"end":{"line":14,"column":34}},"1":{"start":{"line":15,"column":24},"end":{"line":15,"column":52}},"2":{"start":{"line":22,"column":4},"end":{"line":22,"column":49}},"3":{"start":{"line":23,"column":28},"end":{"line":23,"column":69}},"4":{"start":{"line":25,"column":15},"end":{"line":25,"column":31}},"5":{"start":{"line":27,"column":0},"end":{"line":35,"column":2}},"6":{"start":{"line":37,"column":0},"end":{"line":37,"column":31}},"7":{"start":{"line":39,"column":0},"end":{"line":44,"column":2}},"8":{"start":{"line":46,"column":0},"end":{"line":55,"column":2}},"9":{"start":{"line":57,"column":0},"end":{"line":62,"column":2}},"10":{"start":{"line":64,"column":0},"end":{"line":64,"column":24}}},"fnMap":{},"branchMap":{},"s":{"0":3,"1":3,"2":3,"3":3,"4":3,"5":3,"6":3,"7":3,"8":3,"9":3,"10":3},"f":{},"b":{},"_coverageSchema":"1a1c01bbd47fc00a2c39e90264f33305004495a9","hash":"ccaaaad9690e72c9ddf7ab5dcce3e423ddd18709"}
,"C:\\Users\\Admin PC\\ecommerce\\src\\routes\\products.routes.js": {"path":"C:\\Users\\Admin PC\\ecommerce\\src\\routes\\products.routes.js","statementMap":{"0":{"start":{"line":1,"column":16},"end":{"line":1,"column":34}},"1":{"start":{"line":2,"column":24},"end":{"line":2,"column":52}},"2":{"start":{"line":11,"column":4},"end":{"line":11,"column":48}},"3":{"start":{"line":12,"column":28},"end":{"line":12,"column":69}},"4":{"start":{"line":14,"column":15},"end":{"line":14,"column":31}},"5":{"start":{"line":16,"column":0},"end":{"line":26,"column":2}},"6":{"start":{"line":28,"column":0},"end":{"line":28,"column":29}},"7":{"start":{"line":30,"column":0},"end":{"line":35,"column":2}},"8":{"start":{"line":37,"column":0},"end":{"line":48,"column":2}},"9":{"start":{"line":50,"column":0},"end":{"line":55,"column":2}},"10":{"start":{"line":57,"column":0},"end":{"line":62,"column":2}},"11":{"start":{"line":64,"column":0},"end":{"line":69,"column":2}},"12":{"start":{"line":71,"column":0},"end":{"line":71,"column":24}}},"fnMap":{},"branchMap":{},"s":{"0":3,"1":3,"2":3,"3":3,"4":3,"5":3,"6":3,"7":3,"8":3,"9":3,"10":3,"11":3,"12":3},"f":{},"b":{},"_coverageSchema":"1a1c01bbd47fc00a2c39e90264f33305004495a9","hash":"55498a17936eaaf8b43f89e8c3ec14901d610103"}
,"C:\\Users\\Admin PC\\ecommerce\\src\\routes\\variants.routes.js": {"path":"C:\\Users\\Admin PC\\ecommerce\\src\\routes\\variants.routes.js","statementMap":{"0":{"start":{"line":16,"column":16},"end":{"line":16,"column":34}},"1":{"start":{"line":17,"column":24},"end":{"line":17,"column":52}},"2":{"start":{"line":25,"column":4},"end":{"line":25,"column":48}},"3":{"start":{"line":26,"column":28},"end":{"line":26,"column":69}},"4":{"start":{"line":28,"column":15},"end":{"line":28,"column":31}},"5":{"start":{"line":30,"column":0},"end":{"line":42,"column":2}},"6":{"start":{"line":44,"column":0},"end":{"line":44,"column":29}},"7":{"start":{"line":46,"column":0},"end":{"line":51,"column":2}},"8":{"start":{"line":53,"column":0},"end":{"line":66,"column":2}},"9":{"start":{"line":68,"column":0},"end":{"line":73,"column":2}},"10":{"start":{"line":75,"column":0},"end":{"line":80,"column":2}},"11":{"start":{"line":82,"column":0},"end":{"line":82,"column":24}}},"fnMap":{},"branchMap":{},"s":{"0":3,"1":3,"2":3,"3":3,"4":3,"5":3,"6":3,"7":3,"8":3,"9":3,"10":3,"11":3},"f":{},"b":{},"_coverageSchema":"1a1c01bbd47fc00a2c39e90264f33305004495a9","hash":"1e6b1624759a432424e5d61662866a50c894b5c9"}
,"C:\\Users\\Admin PC\\ecommerce\\src\\services\\category.service.js": {"path":"C:\\Users\\Admin PC\\ecommerce\\src\\services\\category.service.js","statementMap":{"0":{"start":{"line":35,"column":17},"end":{"line":35,"column":52}},"1":{"start":{"line":37,"column":0},"end":{"line":39,"column":2}},"2":{"start":{"line":38,"column":2},"end":{"line":38,"column":59}},"3":{"start":{"line":41,"column":0},"end":{"line":43,"column":2}},"4":{"start":{"line":42,"column":2},"end":{"line":42,"column":89}},"5":{"start":{"line":45,"column":0},"end":{"line":47,"column":2}},"6":{"start":{"line":46,"column":2},"end":{"line":46,"column":106}},"7":{"start":{"line":49,"column":0},"end":{"line":53,"column":4}},"8":{"start":{"line":50,"column":21},"end":{"line":50,"column":48}},"9":{"start":{"line":51,"column":4},"end":{"line":51,"column":31}},"10":{"start":{"line":51,"column":19},"end":{"line":51,"column":31}},"11":{"start":{"line":52,"column":4},"end":{"line":52,"column":46}},"12":{"start":{"line":55,"column":2},"end":{"line":60,"column":4}},"13":{"start":{"line":56,"column":21},"end":{"line":56,"column":48}},"14":{"start":{"line":57,"column":4},"end":{"line":57,"column":32}},"15":{"start":{"line":57,"column":19},"end":{"line":57,"column":32}},"16":{"start":{"line":58,"column":4},"end":{"line":58,"column":29}},"17":{"start":{"line":59,"column":4},"end":{"line":59,"column":16}}},"fnMap":{"0":{"name":"(anonymous_0)","decl":{"start":{"line":37,"column":25},"end":{"line":37,"column":26}},"loc":{"start":{"line":37,"column":66},"end":{"line":39,"column":1}},"line":37},"1":{"name":"(anonymous_1)","decl":{"start":{"line":41,"column":24},"end":{"line":41,"column":25}},"loc":{"start":{"line":41,"column":36},"end":{"line":43,"column":1}},"line":41},"2":{"name":"(anonymous_2)","decl":{"start":{"line":45,"column":28},"end":{"line":45,"column":29}},"loc":{"start":{"line":45,"column":44},"end":{"line":47,"column":1}},"line":45},"3":{"name":"(anonymous_3)","decl":{"start":{"line":49,"column":25},"end":{"line":49,"column":26}},"loc":{"start":{"line":49,"column":52},"end":{"line":53,"column":3}},"line":49},"4":{"name":"(anonymous_4)","decl":{"start":{"line":55,"column":27},"end":{"line":55,"column":28}},"loc":{"start":{"line":55,"column":41},"end":{"line":60,"column":3}},"line":55}},"branchMap":{"0":{"loc":{"start":{"line":37,"column":38},"end":{"line":37,"column":61}},"type":"default-arg","locations":[{"start":{"line":37,"column":57},"end":{"line":37,"column":61}}],"line":37},"1":{"loc":{"start":{"line":51,"column":4},"end":{"line":51,"column":31}},"type":"if","locations":[{"start":{"line":51,"column":4},"end":{"line":51,"column":31}},{"start":{},"end":{}}],"line":51},"2":{"loc":{"start":{"line":57,"column":4},"end":{"line":57,"column":32}},"type":"if","locations":[{"start":{"line":57,"column":4},"end":{"line":57,"column":32}},{"start":{},"end":{}}],"line":57}},"s":{"0":3,"1":3,"2":0,"3":3,"4":0,"5":3,"6":0,"7":3,"8":0,"9":0,"10":0,"11":0,"12":3,"13":0,"14":0,"15":0,"16":0,"17":0},"f":{"0":0,"1":0,"2":0,"3":0,"4":0},"b":{"0":[0],"1":[0,0],"2":[0,0]},"_coverageSchema":"1a1c01bbd47fc00a2c39e90264f33305004495a9","hash":"4d5196b9a163d67d56e6b9492d1470fafa3d0461"}
,"C:\\Users\\Admin PC\\ecommerce\\src\\services\\product.service.js": {"path":"C:\\Users\\Admin PC\\ecommerce\\src\\services\\product.service.js","statementMap":{"0":{"start":{"line":1,"column":16},"end":{"line":1,"column":50}},"1":{"start":{"line":2,"column":17},"end":{"line":2,"column":52}},"2":{"start":{"line":3,"column":16},"end":{"line":3,"column":50}},"3":{"start":{"line":5,"column":0},"end":{"line":10,"column":2}},"4":{"start":{"line":6,"column":21},"end":{"line":6,"column":74}},"5":{"start":{"line":7,"column":4},"end":{"line":7,"column":57}},"6":{"start":{"line":7,"column":19},"end":{"line":7,"column":57}},"7":{"start":{"line":9,"column":4},"end":{"line":9,"column":90}},"8":{"start":{"line":12,"column":0},"end":{"line":14,"column":2}},"9":{"start":{"line":13,"column":4},"end":{"line":13,"column":91}},"10":{"start":{"line":16,"column":0},"end":{"line":18,"column":2}},"11":{"start":{"line":17,"column":4},"end":{"line":17,"column":128}},"12":{"start":{"line":19,"column":0},"end":{"line":21,"column":2}},"13":{"start":{"line":20,"column":4},"end":{"line":20,"column":38}},"14":{"start":{"line":23,"column":0},"end":{"line":27,"column":2}},"15":{"start":{"line":24,"column":20},"end":{"line":24,"column":46}},"16":{"start":{"line":25,"column":4},"end":{"line":25,"column":30}},"17":{"start":{"line":25,"column":18},"end":{"line":25,"column":30}},"18":{"start":{"line":26,"column":4},"end":{"line":26,"column":45}},"19":{"start":{"line":29,"column":0},"end":{"line":34,"column":2}},"20":{"start":{"line":30,"column":20},"end":{"line":30,"column":46}},"21":{"start":{"line":31,"column":4},"end":{"line":31,"column":31}},"22":{"start":{"line":31,"column":18},"end":{"line":31,"column":31}},"23":{"start":{"line":32,"column":4},"end":{"line":32,"column":28}},"24":{"start":{"line":33,"column":4},"end":{"line":33,"column":16}},"25":{"start":{"line":36,"column":0},"end":{"line":38,"column":2}},"26":{"start":{"line":37,"column":4},"end":{"line":37,"column":113}}},"fnMap":{"0":{"name":"(anonymous_0)","decl":{"start":{"line":5,"column":24},"end":{"line":5,"column":25}},"loc":{"start":{"line":5,"column":75},"end":{"line":10,"column":1}},"line":5},"1":{"name":"(anonymous_1)","decl":{"start":{"line":12,"column":22},"end":{"line":12,"column":23}},"loc":{"start":{"line":12,"column":34},"end":{"line":14,"column":1}},"line":12},"2":{"name":"(anonymous_2)","decl":{"start":{"line":16,"column":27},"end":{"line":16,"column":28}},"loc":{"start":{"line":16,"column":43},"end":{"line":18,"column":1}},"line":16},"3":{"name":"(anonymous_3)","decl":{"start":{"line":19,"column":25},"end":{"line":19,"column":26}},"loc":{"start":{"line":19,"column":39},"end":{"line":21,"column":1}},"line":19},"4":{"name":"(anonymous_4)","decl":{"start":{"line":23,"column":24},"end":{"line":23,"column":25}},"loc":{"start":{"line":23,"column":51},"end":{"line":27,"column":1}},"line":23},"5":{"name":"(anonymous_5)","decl":{"start":{"line":29,"column":24},"end":{"line":29,"column":25}},"loc":{"start":{"line":29,"column":38},"end":{"line":34,"column":1}},"line":29},"6":{"name":"(anonymous_6)","decl":{"start":{"line":36,"column":32},"end":{"line":36,"column":33}},"loc":{"start":{"line":36,"column":54},"end":{"line":38,"column":1}},"line":36}},"branchMap":{"0":{"loc":{"start":{"line":7,"column":4},"end":{"line":7,"column":57}},"type":"if","locations":[{"start":{"line":7,"column":4},"end":{"line":7,"column":57}},{"start":{},"end":{}}],"line":7},"1":{"loc":{"start":{"line":25,"column":4},"end":{"line":25,"column":30}},"type":"if","locations":[{"start":{"line":25,"column":4},"end":{"line":25,"column":30}},{"start":{},"end":{}}],"line":25},"2":{"loc":{"start":{"line":31,"column":4},"end":{"line":31,"column":31}},"type":"if","locations":[{"start":{"line":31,"column":4},"end":{"line":31,"column":31}},{"start":{},"end":{}}],"line":31}},"s":{"0":3,"1":3,"2":3,"3":3,"4":0,"5":0,"6":0,"7":0,"8":3,"9":0,"10":3,"11":0,"12":3,"13":0,"14":3,"15":0,"16":0,"17":0,"18":0,"19":3,"20":0,"21":0,"22":0,"23":0,"24":0,"25":3,"26":0},"f":{"0":0,"1":0,"2":0,"3":0,"4":0,"5":0,"6":0},"b":{"0":[0,0],"1":[0,0],"2":[0,0]},"_coverageSchema":"1a1c01bbd47fc00a2c39e90264f33305004495a9","hash":"e2447b18dffc373d2e27606ab82a38bc86f86e4f"}
,"C:\\Users\\Admin PC\\ecommerce\\src\\services\\variant.service.js": {"path":"C:\\Users\\Admin PC\\ecommerce\\src\\services\\variant.service.js","statementMap":{"0":{"start":{"line":1,"column":16},"end":{"line":1,"column":50}},"1":{"start":{"line":2,"column":16},"end":{"line":2,"column":50}},"2":{"start":{"line":4,"column":0},"end":{"line":9,"column":2}},"3":{"start":{"line":5,"column":20},"end":{"line":5,"column":71}},"4":{"start":{"line":6,"column":4},"end":{"line":6,"column":55}},"5":{"start":{"line":6,"column":18},"end":{"line":6,"column":55}},"6":{"start":{"line":8,"column":4},"end":{"line":8,"column":98}},"7":{"start":{"line":11,"column":0},"end":{"line":13,"column":2}},"8":{"start":{"line":12,"column":4},"end":{"line":12,"column":90}},"9":{"start":{"line":15,"column":0},"end":{"line":17,"column":2}},"10":{"start":{"line":16,"column":4},"end":{"line":16,"column":59}},"11":{"start":{"line":19,"column":0},"end":{"line":23,"column":2}},"12":{"start":{"line":20,"column":20},"end":{"line":20,"column":53}},"13":{"start":{"line":21,"column":4},"end":{"line":21,"column":30}},"14":{"start":{"line":21,"column":18},"end":{"line":21,"column":30}},"15":{"start":{"line":22,"column":4},"end":{"line":22,"column":45}},"16":{"start":{"line":25,"column":0},"end":{"line":30,"column":2}},"17":{"start":{"line":26,"column":20},"end":{"line":26,"column":53}},"18":{"start":{"line":27,"column":4},"end":{"line":27,"column":31}},"19":{"start":{"line":27,"column":18},"end":{"line":27,"column":31}},"20":{"start":{"line":28,"column":4},"end":{"line":28,"column":28}},"21":{"start":{"line":29,"column":4},"end":{"line":29,"column":16}},"22":{"start":{"line":32,"column":0},"end":{"line":34,"column":6}},"23":{"start":{"line":33,"column":6},"end":{"line":33,"column":40}}},"fnMap":{"0":{"name":"(anonymous_0)","decl":{"start":{"line":4,"column":24},"end":{"line":4,"column":25}},"loc":{"start":{"line":4,"column":84},"end":{"line":9,"column":1}},"line":4},"1":{"name":"(anonymous_1)","decl":{"start":{"line":11,"column":22},"end":{"line":11,"column":23}},"loc":{"start":{"line":11,"column":34},"end":{"line":13,"column":1}},"line":11},"2":{"name":"(anonymous_2)","decl":{"start":{"line":15,"column":31},"end":{"line":15,"column":32}},"loc":{"start":{"line":15,"column":52},"end":{"line":17,"column":1}},"line":15},"3":{"name":"(anonymous_3)","decl":{"start":{"line":19,"column":24},"end":{"line":19,"column":25}},"loc":{"start":{"line":19,"column":58},"end":{"line":23,"column":1}},"line":19},"4":{"name":"(anonymous_4)","decl":{"start":{"line":25,"column":24},"end":{"line":25,"column":25}},"loc":{"start":{"line":25,"column":45},"end":{"line":30,"column":1}},"line":25},"5":{"name":"(anonymous_5)","decl":{"start":{"line":32,"column":25},"end":{"line":32,"column":26}},"loc":{"start":{"line":32,"column":39},"end":{"line":34,"column":5}},"line":32}},"branchMap":{"0":{"loc":{"start":{"line":6,"column":4},"end":{"line":6,"column":55}},"type":"if","locations":[{"start":{"line":6,"column":4},"end":{"line":6,"column":55}},{"start":{},"end":{}}],"line":6},"1":{"loc":{"start":{"line":21,"column":4},"end":{"line":21,"column":30}},"type":"if","locations":[{"start":{"line":21,"column":4},"end":{"line":21,"column":30}},{"start":{},"end":{}}],"line":21},"2":{"loc":{"start":{"line":27,"column":4},"end":{"line":27,"column":31}},"type":"if","locations":[{"start":{"line":27,"column":4},"end":{"line":27,"column":31}},{"start":{},"end":{}}],"line":27}},"s":{"0":3,"1":3,"2":3,"3":0,"4":0,"5":0,"6":0,"7":3,"8":0,"9":3,"10":0,"11":3,"12":0,"13":0,"14":0,"15":0,"16":3,"17":0,"18":0,"19":0,"20":0,"21":0,"22":3,"23":0},"f":{"0":0,"1":0,"2":0,"3":0,"4":0,"5":0},"b":{"0":[0,0],"1":[0,0],"2":[0,0]},"_coverageSchema":"1a1c01bbd47fc00a2c39e90264f33305004495a9","hash":"2f893bdaff09e11759847b3d5ba9698bf2e67400"}
}
